# JRE version: Java(TM) SE Runtime Environment (8.0_121-b13) (build 1.8.0_121-b13)
# Java VM: Java HotSpot(TM) 64-Bit Server VM (25.121-b13 mixed mode windows-amd64 compressed oops)
Heap:
 PSYoungGen      total 202752K, used 145694K [0x000000076af00000, 0x0000000779200000, 0x00000007c0000000)
  eden space 184320K, 79% used [0x000000076af00000,0x0000000773d478f8,0x0000000776300000)
  from space 18432K, 0% used [0x0000000777600000,0x0000000777600000,0x0000000778800000)
  to   space 19456K, 0% used [0x0000000776300000,0x0000000776300000,0x0000000777600000)
 ParOldGen       total 173568K, used 47270K [0x00000006c0c00000, 0x00000006cb580000, 0x000000076af00000)
  object space 173568K, 27% used [0x00000006c0c00000,0x00000006c3a29a98,0x00000006cb580000)
 Metaspace       used 62559K, capacity 63402K, committed 64088K, reserved 1105920K
  class space    used 8016K, capacity 8240K, committed 8320K, reserved 1048576K
GC Heap History (10 events):
Event: 13.942 GC heap before
{Heap before GC invocations=11 (full 2):
 PSYoungGen      total 126464K, used 7669K [0x000000076af00000, 0x0000000777180000, 0x00000007c0000000)
  eden space 109568K, 0% used [0x000000076af00000,0x000000076af00000,0x0000000771a00000)
  from space 16896K, 45% used [0x0000000771a00000,0x000000077217d558,0x0000000772a80000)
  to   space 17408K, 0% used [0x0000000776080000,0x0000000776080000,0x0000000777180000)
 ParOldGen       total 120320K, used 25821K [0x00000006c0c00000, 0x00000006c8180000, 0x000000076af00000)
  object space 120320K, 21% used [0x00000006c0c00000,0x00000006c2537420,0x00000006c8180000)
 Metaspace       used 34514K, capacity 35246K, committed 35456K, reserved 1081344K
  class space    used 4236K, capacity 4448K, committed 4480K, reserved 1048576K
Event: 14.013 GC heap after
Heap after GC invocations=11 (full 2):
 PSYoungGen      total 126464K, used 0K [0x000000076af00000, 0x0000000777180000, 0x00000007c0000000)
  eden space 109568K, 0% used [0x000000076af00000,0x000000076af00000,0x0000000771a00000)
  from space 16896K, 0% used [0x0000000771a00000,0x0000000771a00000,0x0000000772a80000)
  to   space 17408K, 0% used [0x0000000776080000,0x0000000776080000,0x0000000777180000)
 ParOldGen       total 173568K, used 30837K [0x00000006c0c00000, 0x00000006cb580000, 0x000000076af00000)
  object space 173568K, 17% used [0x00000006c0c00000,0x00000006c2a1d420,0x00000006cb580000)
 Metaspace       used 34514K, capacity 35246K, committed 35456K, reserved 1081344K
  class space    used 4236K, capacity 4448K, committed 4480K, reserved 1048576K
}
Event: 14.803 GC heap before
{Heap before GC invocations=12 (full 2):
 PSYoungGen      total 126464K, used 109530K [0x000000076af00000, 0x0000000777180000, 0x00000007c0000000)
  eden space 109568K, 99% used [0x000000076af00000,0x00000007719f6880,0x0000000771a00000)
  from space 16896K, 0% used [0x0000000771a00000,0x0000000771a00000,0x0000000772a80000)
  to   space 17408K, 0% used [0x0000000776080000,0x0000000776080000,0x0000000777180000)
 ParOldGen       total 173568K, used 30837K [0x00000006c0c00000, 0x00000006cb580000, 0x000000076af00000)
  object space 173568K, 17% used [0x00000006c0c00000,0x00000006c2a1d420,0x00000006cb580000)
 Metaspace       used 39452K, capacity 40258K, committed 40576K, reserved 1085440K
  class space    used 4928K, capacity 5166K, committed 5248K, reserved 1048576K
Event: 14.812 GC heap after
Heap after GC invocations=12 (full 2):
 PSYoungGen      total 153088K, used 8130K [0x000000076af00000, 0x0000000776880000, 0x00000007c0000000)
  eden space 144896K, 0% used [0x000000076af00000,0x000000076af00000,0x0000000773c80000)
  from space 8192K, 99% used [0x0000000776080000,0x00000007768709c8,0x0000000776880000)
  to   space 17408K, 0% used [0x0000000774680000,0x0000000774680000,0x0000000775780000)
 ParOldGen       total 173568K, used 30845K [0x00000006c0c00000, 0x00000006cb580000, 0x000000076af00000)
  object space 173568K, 17% used [0x00000006c0c00000,0x00000006c2a1f420,0x00000006cb580000)
 Metaspace       used 39452K, capacity 40258K, committed 40576K, reserved 1085440K
  class space    used 4928K, capacity 5166K, committed 5248K, reserved 1048576K
}
Event: 25.411 GC heap before
{Heap before GC invocations=13 (full 2):
 PSYoungGen      total 153088K, used 153026K [0x000000076af00000, 0x0000000776880000, 0x00000007c0000000)
  eden space 144896K, 100% used [0x000000076af00000,0x0000000773c80000,0x0000000773c80000)
  from space 8192K, 99% used [0x0000000776080000,0x00000007768709c8,0x0000000776880000)
  to   space 17408K, 0% used [0x0000000774680000,0x0000000774680000,0x0000000775780000)
 ParOldGen       total 173568K, used 30845K [0x00000006c0c00000, 0x00000006cb580000, 0x000000076af00000)
  object space 173568K, 17% used [0x00000006c0c00000,0x00000006c2a1f420,0x00000006cb580000)
 Metaspace       used 51026K, capacity 51852K, committed 52352K, reserved 1095680K
  class space    used 6464K, capacity 6677K, committed 6784K, reserved 1048576K
Event: 25.423 GC heap after
Heap after GC invocations=13 (full 2):
 PSYoungGen      total 172544K, used 15163K [0x000000076af00000, 0x0000000778800000, 0x00000007c0000000)
  eden space 155136K, 0% used [0x000000076af00000,0x000000076af00000,0x0000000774680000)
  from space 17408K, 87% used [0x0000000774680000,0x000000077554ede0,0x0000000775780000)
  to   space 18432K, 0% used [0x0000000777600000,0x0000000777600000,0x0000000778800000)
 ParOldGen       total 173568K, used 34045K [0x00000006c0c00000, 0x00000006cb580000, 0x000000076af00000)
  object space 173568K, 19% used [0x00000006c0c00000,0x00000006c2d3f450,0x00000006cb580000)
 Metaspace       used 51026K, capacity 51852K, committed 52352K, reserved 1095680K
  class space    used 6464K, capacity 6677K, committed 6784K, reserved 1048576K
}
Event: 29.887 GC heap before
{Heap before GC invocations=14 (full 2):
 PSYoungGen      total 172544K, used 137690K [0x000000076af00000, 0x0000000778800000, 0x00000007c0000000)
  eden space 155136K, 78% used [0x000000076af00000,0x00000007726a7df0,0x0000000774680000)
  from space 17408K, 87% used [0x0000000774680000,0x000000077554ede0,0x0000000775780000)
  to   space 18432K, 0% used [0x0000000777600000,0x0000000777600000,0x0000000778800000)
 ParOldGen       total 173568K, used 34045K [0x00000006c0c00000, 0x00000006cb580000, 0x000000076af00000)
  object space 173568K, 19% used [0x00000006c0c00000,0x00000006c2d3f450,0x00000006cb580000)
 Metaspace       used 57963K, capacity 58762K, committed 59096K, reserved 1101824K
  class space    used 7449K, capacity 7674K, committed 7680K, reserved 1048576K
Event: 29.905 GC heap after
Heap after GC invocations=14 (full 2):
 PSYoungGen      total 202752K, used 17514K [0x000000076af00000, 0x0000000779200000, 0x00000007c0000000)
  eden space 184320K, 0% used [0x000000076af00000,0x000000076af00000,0x0000000776300000)
  from space 18432K, 95% used [0x0000000777600000,0x000000077871a890,0x0000000778800000)
  to   space 19456K, 0% used [0x0000000776300000,0x0000000776300000,0x0000000777600000)
 ParOldGen       total 173568K, used 34053K [0x00000006c0c00000, 0x00000006cb580000, 0x000000076af00000)
  object space 173568K, 19% used [0x00000006c0c00000,0x00000006c2d41450,0x00000006cb580000)
 Metaspace       used 57963K, capacity 58762K, committed 59096K, reserved 1101824K
  class space    used 7449K, capacity 7674K, committed 7680K, reserved 1048576K
}
Event: 29.905 GC heap before
{Heap before GC invocations=15 (full 3):
 PSYoungGen      total 202752K, used 17514K [0x000000076af00000, 0x0000000779200000, 0x00000007c0000000)
  eden space 184320K, 0% used [0x000000076af00000,0x000000076af00000,0x0000000776300000)
  from space 18432K, 95% used [0x0000000777600000,0x000000077871a890,0x0000000778800000)
  to   space 19456K, 0% used [0x0000000776300000,0x0000000776300000,0x0000000777600000)
 ParOldGen       total 173568K, used 34053K [0x00000006c0c00000, 0x00000006cb580000, 0x000000076af00000)
  object space 173568K, 19% used [0x00000006c0c00000,0x00000006c2d41450,0x00000006cb580000)
 Metaspace       used 57963K, capacity 58762K, committed 59096K, reserved 1101824K
  class space    used 7449K, capacity 7674K, committed 7680K, reserved 1048576K
Event: 30.111 GC heap after
Heap after GC invocations=15 (full 3):
 PSYoungGen      total 202752K, used 0K [0x000000076af00000, 0x0000000779200000, 0x00000007c0000000)
  eden space 184320K, 0% used [0x000000076af00000,0x000000076af00000,0x0000000776300000)
  from space 18432K, 0% used [0x0000000777600000,0x0000000777600000,0x0000000778800000)
  to   space 19456K, 0% used [0x0000000776300000,0x0000000776300000,0x0000000777600000)
 ParOldGen       total 173568K, used 47270K [0x00000006c0c00000, 0x00000006cb580000, 0x000000076af00000)
  object space 173568K, 27% used [0x00000006c0c00000,0x00000006c3a29a98,0x00000006cb580000)
 Metaspace       used 57963K, capacity 58762K, committed 59096K, reserved 1101824K
  class space    used 7449K, capacity 7674K, committed 7680K, reserved 1048576K
}

